c:\users\valentin\source\repos\qtwidgetsapplication2\qtwidgetsapplication2\x64\debug\moc_qtwidgetsapplication2.obj
c:\users\valentin\source\repos\qtwidgetsapplication2\qtwidgetsapplication2\x64\debug\qrc_qtwidgetsapplication2.obj
c:\users\valentin\source\repos\qtwidgetsapplication2\qtwidgetsapplication2\x64\debug\vc142.pdb
c:\users\valentin\source\repos\qtwidgetsapplication2\qtwidgetsapplication2\x64\debug\main.obj
c:\users\valentin\source\repos\qtwidgetsapplication2\x64\debug\qtwidgetsapplication2.exe
c:\users\valentin\source\repos\qtwidgetsapplication2\x64\debug\qtwidgetsapplication2.ilk
c:\users\valentin\source\repos\qtwidgetsapplication2\x64\debug\qtwidgetsapplication2.pdb
c:\users\valentin\source\repos\qtwidgetsapplication2\qtwidgetsapplication2\x64\debug\moc\moc_qtwidgetsapplication2.cpp
c:\users\valentin\source\repos\qtwidgetsapplication2\qtwidgetsapplication2\x64\debug\uic\ui_qtwidgetsapplication2.h
c:\users\valentin\source\repos\qtwidgetsapplication2\qtwidgetsapplication2\x64\debug\rcc\qrc_qtwidgetsapplication2.cpp
c:\users\valentin\source\repos\qtwidgetsapplication2\qtwidgetsapplication2\x64\debug\qtwidget.bb24abb9.tlog\cl.command.1.tlog
c:\users\valentin\source\repos\qtwidgetsapplication2\qtwidgetsapplication2\x64\debug\qtwidget.bb24abb9.tlog\cl.read.1.tlog
c:\users\valentin\source\repos\qtwidgetsapplication2\qtwidgetsapplication2\x64\debug\qtwidget.bb24abb9.tlog\cl.write.1.tlog
c:\users\valentin\source\repos\qtwidgetsapplication2\qtwidgetsapplication2\x64\debug\qtwidget.bb24abb9.tlog\link.command.1.tlog
c:\users\valentin\source\repos\qtwidgetsapplication2\qtwidgetsapplication2\x64\debug\qtwidget.bb24abb9.tlog\link.read.1.tlog
c:\users\valentin\source\repos\qtwidgetsapplication2\qtwidgetsapplication2\x64\debug\qtwidget.bb24abb9.tlog\link.write.1.tlog
c:\users\valentin\source\repos\qtwidgetsapplication2\qtwidgetsapplication2\x64\debug\qtwidget.bb24abb9.tlog\moc.read.1u.tlog
c:\users\valentin\source\repos\qtwidgetsapplication2\qtwidgetsapplication2\x64\debug\qtwidget.bb24abb9.tlog\moc.write.1u.tlog
c:\users\valentin\source\repos\qtwidgetsapplication2\qtwidgetsapplication2\x64\debug\qtwidget.bb24abb9.tlog\qtwidgetsapplication2.write.1u.tlog
c:\users\valentin\source\repos\qtwidgetsapplication2\qtwidgetsapplication2\x64\debug\qtwidget.bb24abb9.tlog\rcc.read.1u.tlog
c:\users\valentin\source\repos\qtwidgetsapplication2\qtwidgetsapplication2\x64\debug\qtwidget.bb24abb9.tlog\rcc.write.1u.tlog
c:\users\valentin\source\repos\qtwidgetsapplication2\qtwidgetsapplication2\x64\debug\qtwidget.bb24abb9.tlog\uic.read.1u.tlog
c:\users\valentin\source\repos\qtwidgetsapplication2\qtwidgetsapplication2\x64\debug\qtwidget.bb24abb9.tlog\uic.write.1u.tlog
